1500480495079	geckodriver	INFO	Listening on 127.0.0.1:52465
1500480496196	geckodriver::marionette	INFO	Starting browser /usr/bin/firefox with args ["-marionette"]
[fresh] [error] load_ppp_module, can't find libpepflashplayer.so
[fresh] [error] load_ppp_module, can't find libpepflashplayer.so
[fresh] [error] load_ppp_module, can't find libpepflashplayer.so
[fresh] [error] load_ppp_module, can't find libpepflashplayer.so
[fresh] [error] load_ppp_module, can't find libpepflashplayer.so
[fresh] [error] load_ppp_module, can't find libpepflashplayer.so
1500480498926	Marionette	INFO	Listening on port 38254
1500480499062	Marionette	WARN	TLS certificate errors will be ignored for this session
1500480732792	geckodriver	INFO	Listening on 127.0.0.1:50766
1500480733892	geckodriver::marionette	INFO	Starting browser /usr/bin/firefox with args ["-marionette"]
[fresh] [error] load_ppp_module, can't find libpepflashplayer.so
[fresh] [error] load_ppp_module, can't find libpepflashplayer.so
[fresh] [error] load_ppp_module, can't find libpepflashplayer.so
[fresh] [error] load_ppp_module, can't find libpepflashplayer.so
[fresh] [error] load_ppp_module, can't find libpepflashplayer.so
[fresh] [error] load_ppp_module, can't find libpepflashplayer.so
1500480735952	Marionette	INFO	Listening on port 32854
1500480736009	Marionette	WARN	TLS certificate errors will be ignored for this session
1500480822296	geckodriver	INFO	Listening on 127.0.0.1:54536
1500480823390	geckodriver::marionette	INFO	Starting browser /usr/bin/firefox with args ["-marionette"]
[fresh] [error] load_ppp_module, can't find libpepflashplayer.so
[fresh] [error] load_ppp_module, can't find libpepflashplayer.so
[fresh] [error] load_ppp_module, can't find libpepflashplayer.so
[fresh] [error] load_ppp_module, can't find libpepflashplayer.so
[fresh] [error] load_ppp_module, can't find libpepflashplayer.so
[fresh] [error] load_ppp_module, can't find libpepflashplayer.so
1500480825470	Marionette	INFO	Listening on port 43256
1500480825518	Marionette	WARN	TLS certificate errors will be ignored for this session
*************************
A coding exception was thrown and uncaught in a Task.

Full message: TypeError: NetworkError when attempting to fetch resource.
Full stack: 
*************************
1500481010342	geckodriver	INFO	Listening on 127.0.0.1:33425
1500481011437	geckodriver::marionette	INFO	Starting browser /usr/bin/firefox with args ["-marionette"]
[fresh] [error] load_ppp_module, can't find libpepflashplayer.so
[fresh] [error] load_ppp_module, can't find libpepflashplayer.so
[fresh] [error] load_ppp_module, can't find libpepflashplayer.so
[fresh] [error] load_ppp_module, can't find libpepflashplayer.so
[fresh] [error] load_ppp_module, can't find libpepflashplayer.so
[fresh] [error] load_ppp_module, can't find libpepflashplayer.so
1500481013833	Marionette	INFO	Listening on port 34733
1500481013954	Marionette	WARN	TLS certificate errors will be ignored for this session
1500481046899	geckodriver	INFO	Listening on 127.0.0.1:45358
1500481047984	geckodriver::marionette	INFO	Starting browser /usr/bin/firefox with args ["-marionette"]
[fresh] [error] load_ppp_module, can't find libpepflashplayer.so
[fresh] [error] load_ppp_module, can't find libpepflashplayer.so
[fresh] [error] load_ppp_module, can't find libpepflashplayer.so
[fresh] [error] load_ppp_module, can't find libpepflashplayer.so
[fresh] [error] load_ppp_module, can't find libpepflashplayer.so
[fresh] [error] load_ppp_module, can't find libpepflashplayer.so
1500481050312	Marionette	INFO	Listening on port 43228
1500481050363	Marionette	WARN	TLS certificate errors will be ignored for this session
1500481089416	geckodriver	INFO	Listening on 127.0.0.1:35024
1500481090529	geckodriver::marionette	INFO	Starting browser /usr/bin/firefox with args ["-marionette"]
[fresh] [error] load_ppp_module, can't find libpepflashplayer.so
[fresh] [error] load_ppp_module, can't find libpepflashplayer.so
[fresh] [error] load_ppp_module, can't find libpepflashplayer.so
[fresh] [error] load_ppp_module, can't find libpepflashplayer.so
[fresh] [error] load_ppp_module, can't find libpepflashplayer.so
[fresh] [error] load_ppp_module, can't find libpepflashplayer.so
1500481092556	Marionette	INFO	Listening on port 46624
1500481092679	Marionette	WARN	TLS certificate errors will be ignored for this session
1500481121783	geckodriver	INFO	Listening on 127.0.0.1:39856
1500481122879	geckodriver::marionette	INFO	Starting browser /usr/bin/firefox with args ["-marionette"]
[fresh] [error] load_ppp_module, can't find libpepflashplayer.so
[fresh] [error] load_ppp_module, can't find libpepflashplayer.so
[fresh] [error] load_ppp_module, can't find libpepflashplayer.so
[fresh] [error] load_ppp_module, can't find libpepflashplayer.so
[fresh] [error] load_ppp_module, can't find libpepflashplayer.so
[fresh] [error] load_ppp_module, can't find libpepflashplayer.so
1500481125158	Marionette	INFO	Listening on port 34536
1500481125273	Marionette	WARN	TLS certificate errors will be ignored for this session
*************************
A coding exception was thrown and uncaught in a Task.

Full message: TypeError: NetworkError when attempting to fetch resource.
Full stack: 
*************************
1500481313933	geckodriver	INFO	Listening on 127.0.0.1:55556
1500481314051	geckodriver::marionette	INFO	Starting browser /usr/bin/firefox with args ["-marionette"]
[fresh] [error] load_ppp_module, can't find libpepflashplayer.so
[fresh] [error] load_ppp_module, can't find libpepflashplayer.so
[fresh] [error] load_ppp_module, can't find libpepflashplayer.so
[fresh] [error] load_ppp_module, can't find libpepflashplayer.so
[fresh] [error] load_ppp_module, can't find libpepflashplayer.so
[fresh] [error] load_ppp_module, can't find libpepflashplayer.so
1500481316166	Marionette	INFO	Listening on port 32834
1500481316560	Marionette	WARN	TLS certificate errors will be ignored for this session
*************************
A coding exception was thrown and uncaught in a Task.

Full message: TypeError: NetworkError when attempting to fetch resource.
Full stack: 
*************************
1500481381733	geckodriver	INFO	Listening on 127.0.0.1:44247
1500481382841	geckodriver::marionette	INFO	Starting browser /usr/bin/firefox with args ["-marionette"]
[fresh] [error] load_ppp_module, can't find libpepflashplayer.so
[fresh] [error] load_ppp_module, can't find libpepflashplayer.so
[fresh] [error] load_ppp_module, can't find libpepflashplayer.so
[fresh] [error] load_ppp_module, can't find libpepflashplayer.so
[fresh] [error] load_ppp_module, can't find libpepflashplayer.so
[fresh] [error] load_ppp_module, can't find libpepflashplayer.so
1500481385201	Marionette	INFO	Listening on port 36537
1500481385291	Marionette	WARN	TLS certificate errors will be ignored for this session
1500481411737	Marionette	INFO	Ceased listening
1500481411750	Marionette	INFO	Ceased listening
1500481411833	Marionette	INFO	Ceased listening
1500481411858	Marionette	INFO	Ceased listening
1500481411916	Marionette	INFO	Ceased listening
1500481411920	Marionette	INFO	Ceased listening
1500481411990	Marionette	INFO	Ceased listening
1500481412054	Marionette	INFO	Ceased listening
1500481412141	Marionette	INFO	Ceased listening
1500481416657	geckodriver	INFO	Listening on 127.0.0.1:50044
1500481417769	geckodriver::marionette	INFO	Starting browser /usr/bin/firefox with args ["-marionette"]
[fresh] [error] load_ppp_module, can't find libpepflashplayer.so
[fresh] [error] load_ppp_module, can't find libpepflashplayer.so
[fresh] [error] load_ppp_module, can't find libpepflashplayer.so
[fresh] [error] load_ppp_module, can't find libpepflashplayer.so
[fresh] [error] load_ppp_module, can't find libpepflashplayer.so
[fresh] [error] load_ppp_module, can't find libpepflashplayer.so
1500481419999	Marionette	INFO	Listening on port 33430
1500481420096	Marionette	WARN	TLS certificate errors will be ignored for this session
1500481889262	geckodriver	INFO	Listening on 127.0.0.1:49746
1500481890366	geckodriver::marionette	INFO	Starting browser /usr/bin/firefox with args ["-marionette"]
[fresh] [error] load_ppp_module, can't find libpepflashplayer.so
[fresh] [error] load_ppp_module, can't find libpepflashplayer.so
[fresh] [error] load_ppp_module, can't find libpepflashplayer.so
[fresh] [error] load_ppp_module, can't find libpepflashplayer.so
[fresh] [error] load_ppp_module, can't find libpepflashplayer.so
[fresh] [error] load_ppp_module, can't find libpepflashplayer.so
1500481892459	Marionette	INFO	Listening on port 43600
1500481892512	Marionette	WARN	TLS certificate errors will be ignored for this session
*************************
A coding exception was thrown and uncaught in a Task.

Full message: TypeError: NetworkError when attempting to fetch resource.
Full stack: 
*************************
1500482385230	geckodriver	INFO	Listening on 127.0.0.1:56078
1500482386354	geckodriver::marionette	INFO	Starting browser /usr/bin/firefox with args ["-marionette"]
[fresh] [error] load_ppp_module, can't find libpepflashplayer.so
[fresh] [error] load_ppp_module, can't find libpepflashplayer.so
[fresh] [error] load_ppp_module, can't find libpepflashplayer.so
[fresh] [error] load_ppp_module, can't find libpepflashplayer.so
[fresh] [error] load_ppp_module, can't find libpepflashplayer.so
[fresh] [error] load_ppp_module, can't find libpepflashplayer.so
1500482388559	Marionette	INFO	Listening on port 33230
1500482388626	Marionette	WARN	TLS certificate errors will be ignored for this session
*************************
A coding exception was thrown and uncaught in a Task.

Full message: TypeError: NetworkError when attempting to fetch resource.
Full stack: 
*************************
1500482418865	geckodriver	INFO	Listening on 127.0.0.1:36283
1500482418987	geckodriver::marionette	INFO	Starting browser /usr/bin/firefox with args ["-marionette"]
[fresh] [error] load_ppp_module, can't find libpepflashplayer.so
[fresh] [error] load_ppp_module, can't find libpepflashplayer.so
[fresh] [error] load_ppp_module, can't find libpepflashplayer.so
[fresh] [error] load_ppp_module, can't find libpepflashplayer.so
[fresh] [error] load_ppp_module, can't find libpepflashplayer.so
[fresh] [error] load_ppp_module, can't find libpepflashplayer.so
1500482421196	Marionette	INFO	Listening on port 38220
1500482421307	Marionette	WARN	TLS certificate errors will be ignored for this session
1500482647378	geckodriver	INFO	Listening on 127.0.0.1:55792
1500482648487	geckodriver::marionette	INFO	Starting browser /usr/bin/firefox with args ["-marionette"]
[fresh] [error] load_ppp_module, can't find libpepflashplayer.so
[fresh] [error] load_ppp_module, can't find libpepflashplayer.so
[fresh] [error] load_ppp_module, can't find libpepflashplayer.so
[fresh] [error] load_ppp_module, can't find libpepflashplayer.so
[fresh] [error] load_ppp_module, can't find libpepflashplayer.so
[fresh] [error] load_ppp_module, can't find libpepflashplayer.so
1500482650556	Marionette	INFO	Listening on port 43394
1500482650665	Marionette	WARN	TLS certificate errors will be ignored for this session
1500482661149	geckodriver	INFO	Listening on 127.0.0.1:34566
1500482662252	geckodriver::marionette	INFO	Starting browser /usr/bin/firefox with args ["-marionette"]
[fresh] [error] load_ppp_module, can't find libpepflashplayer.so
[fresh] [error] load_ppp_module, can't find libpepflashplayer.so
[fresh] [error] load_ppp_module, can't find libpepflashplayer.so
[fresh] [error] load_ppp_module, can't find libpepflashplayer.so
[fresh] [error] load_ppp_module, can't find libpepflashplayer.so
[fresh] [error] load_ppp_module, can't find libpepflashplayer.so
1500482664379	Marionette	INFO	Listening on port 34796
1500482664477	Marionette	WARN	TLS certificate errors will be ignored for this session
1500482684097	Marionette	INFO	Ceased listening
1500482684108	Marionette	INFO	Ceased listening
1500482684183	Marionette	INFO	Ceased listening
1500482684191	Marionette	INFO	Ceased listening
1500482684326	Marionette	INFO	Ceased listening
1500482684347	Marionette	INFO	Ceased listening
1500543915447	geckodriver	INFO	Listening on 127.0.0.1:51930
1500543916593	geckodriver::marionette	INFO	Starting browser /usr/bin/firefox with args ["-marionette"]
[fresh] [error] load_ppp_module, can't find libpepflashplayer.so
[fresh] [error] load_ppp_module, can't find libpepflashplayer.so
[fresh] [error] load_ppp_module, can't find libpepflashplayer.so
[fresh] [error] load_ppp_module, can't find libpepflashplayer.so
[fresh] [error] load_ppp_module, can't find libpepflashplayer.so
[fresh] [error] load_ppp_module, can't find libpepflashplayer.so
1500543919951	Marionette	INFO	Listening on port 45742
1500543920092	Marionette	WARN	TLS certificate errors will be ignored for this session
*************************
A coding exception was thrown and uncaught in a Task.

Full message: TypeError: NetworkError when attempting to fetch resource.
Full stack: 
*************************
